<?xml version="1.0" encoding="UTF-8"?>
<!-- Generated by org.testng.reporters.JUnitReportReporter -->
<testsuite skipped="0" hostname="piyush.ghildiyal" name="test.HrisVerifyWeeklyTimeTestThroughList" tests="1" failures="0" timestamp="07 Mar 2019 13:34:43 GMT" time="6.433" errors="0">
  <testcase name="TestList" time="6.433" classname="test.HrisVerifyWeeklyTimeTestThroughList"/>
</testsuite> <!-- test.HrisVerifyWeeklyTimeTestThroughList -->
