<?xml version="1.0" encoding="UTF-8"?>
<!-- Generated by org.testng.reporters.JUnitReportReporter -->
<testsuite skipped="0" hostname="piyush.ghildiyal" name="test.TestCasesOfBasicTatoc" tests="8" failures="0" timestamp="04 Mar 2019 13:54:19 GMT" time="0.467" errors="0">
  <testcase name="verifyLinkAdvance" time="0.134" classname="test.TestCasesOfBasicTatoc"/>
  <testcase name="verifyLinkEmail" time="0.055" classname="test.TestCasesOfBasicTatoc"/>
  <testcase name="verifySubtextOfTitle" time="0.043" classname="test.TestCasesOfBasicTatoc"/>
  <testcase name="verifyLinkBasic" time="0.130" classname="test.TestCasesOfBasicTatoc"/>
  <testcase name="verifyWindowTitle" time="0.009" classname="test.TestCasesOfBasicTatoc"/>
  <testcase name="verifyHomepageTitle" time="0.032" classname="test.TestCasesOfBasicTatoc"/>
  <testcase name="verifyHeading" time="0.047" classname="test.TestCasesOfBasicTatoc"/>
  <testcase name="verifyNumberOfLink" time="0.017" classname="test.TestCasesOfBasicTatoc"/>
</testsuite> <!-- test.TestCasesOfBasicTatoc -->
