<?xml version="1.0" encoding="UTF-8"?>
<!-- Generated by org.testng.reporters.JUnitReportReporter -->
<testsuite skipped="1" hostname="piyush.ghildiyal" name="automationFramework.SixthTestCase" tests="1" failures="0" timestamp="04 Mar 2019 13:52:59 GMT" time="0.000" errors="0">
  <testcase name="testSearch" time="0.000" classname="automationFramework.SixthTestCase">
    <skipped/>
  </testcase> <!-- testSearch -->
</testsuite> <!-- automationFramework.SixthTestCase -->
