<?xml version="1.0" encoding="UTF-8"?>
<!-- Generated by org.testng.reporters.JUnitReportReporter -->
<testsuite skipped="0" hostname="piyush.ghildiyal" name="testngparametersanddataprovider.DataProviderEg" tests="3" failures="0" timestamp="08 Mar 2019 07:23:45 GMT" time="54.575" errors="0">
  <testcase name="Test" time="17.462" classname="testngparametersanddataprovider.DataProviderEg"/>
  <testcase name="Test" time="18.057" classname="testngparametersanddataprovider.DataProviderEg"/>
  <testcase name="Test" time="19.056" classname="testngparametersanddataprovider.DataProviderEg"/>
</testsuite> <!-- testngparametersanddataprovider.DataProviderEg -->
