<?xml version="1.0" encoding="UTF-8"?>
<!-- Generated by org.testng.reporters.JUnitReportReporter -->
<testsuite skipped="0" hostname="piyush.ghildiyal" name="test.HrisVerifyWeeklyTimeTestThroughList" tests="1" failures="0" timestamp="08 Mar 2019 05:57:16 GMT" time="10.839" errors="0">
  <testcase name="TestList" time="10.839" classname="test.HrisVerifyWeeklyTimeTestThroughList"/>
</testsuite> <!-- test.HrisVerifyWeeklyTimeTestThroughList -->
