<?xml version="1.0" encoding="UTF-8"?>
<!-- Generated by org.testng.reporters.JUnitReportReporter -->
<testsuite skipped="0" hostname="piyush.ghildiyal" name="testngparametersanddataprovider.TestngParameters" tests="1" failures="0" timestamp="08 Mar 2019 05:43:02 GMT" time="9.706" errors="0">
  <testcase name="Test" time="9.706" classname="testngparametersanddataprovider.TestngParameters"/>
</testsuite> <!-- testngparametersanddataprovider.TestngParameters -->
