<?xml version="1.0" encoding="UTF-8"?>
<!-- Generated by org.testng.reporters.JUnitReportReporter -->
<testsuite skipped="0" hostname="piyush.ghildiyal" name="automationFramework.SeventhTestCase" tests="1" failures="0" timestamp="26 Feb 2019 09:27:18 GMT" time="2.887" errors="0">
  <testcase name="testLinks" time="2.887" classname="automationFramework.SeventhTestCase"/>
</testsuite> <!-- automationFramework.SeventhTestCase -->
